Directory: \HKEY_LOCAL_MACHINE\SOFTWARE\Microsoft\Windows NT\CurrentVersion\Fonts


Original value pairs:

Microsoft YaHei & Microsoft YaHei UI (TrueType)
msyh.ttc
Microsoft YaHei Bold & Microsoft YaHei UI Bold (TrueType)
msyhbd.ttc
Microsoft YaHei Light & Microsoft YaHei UI Light (TrueType)
msyhl.ttc


New value pairs:

Microsoft YaHei & Microsoft YaHei UI (TrueType)
PingFang-SC-Regular.ttf
Microsoft YaHei Bold & Microsoft YaHei UI Bold (TrueType)
PingFang-SC-Bold.ttf
Microsoft YaHei Light & Microsoft YaHei UI Light (TrueType)
PingFang-SC-Light.ttf


Original value pairs:

Segoe UI (TrueType)
segoeui.ttf
Segoe UI Black (TrueType)
seguibl.ttf
Segoe UI Black Italic (TrueType)
seguibli.ttf
Segoe UI Bold (TrueType)
segoeuib.ttf
Segoe UI Bold Italic (TrueType)
segoeuiz.ttf
Segoe UI Italic (TrueType)
segoeuii.ttf
Segoe UI Light (TrueType)
segoeuil.ttf
Segoe UI Light Italic (TrueType)
seguili.ttf
Segoe UI Semibold (TrueType)
seguisb.ttf
Segoe UI Semibold Italic (TrueType)
seguisbi.ttf
Segoe UI Semilight (TrueType)
segoeuisl.ttf
Segoe UI Semilight Italic (TrueType)
seguisli.ttf


New value pairs:

Segoe UI (TrueType)
SF-Pro-Display-Regular.otf
Segoe UI Black (TrueType)
SF-Pro-Display-Black.otf
Segoe UI Black Italic (TrueType)
SF-Pro-Display-BlackItalic.otf
Segoe UI Bold (TrueType)
SF-Pro-Display-Bold.otf
Segoe UI Bold Italic (TrueType)
SF-Pro-Display-BoldItalic.otf
Segoe UI Italic (TrueType)
SF-Pro-Display-RegularItalic.otf
Segoe UI Light (TrueType)
SF-Pro-Display-Ultralight.otf
Segoe UI Light Italic (TrueType)
SF-Pro-Display-UltralightItalic.otf
Segoe UI Semibold (TrueType)
SF-Pro-Display-Semibold.otf
Segoe UI Semibold Italic (TrueType)
SF-Pro-Display-SemiboldItalic.otf
Segoe UI Semilight (TrueType)
SF-Pro-Display-Thin.otf
Segoe UI Semilight Italic (TrueType)
SF-Pro-Display-ThinItalic.otf
